<?xml version="1.0" encoding="UTF-8"?>
<!-- Generated by org.testng.reporters.JUnitXMLReporter -->
<testsuite ignored="0" hostname="DESKTOP-LVD2BN5" failures="0" tests="6" name="Chrome Test" time="291.202" errors="0" timestamp="21 Jun 2023 21:06:43 GMT">
  <testcase classname="org.testcases.TestCase1" name="RegisterUserCase" time="34.378"/>
  <testcase classname="org.testcases.TestCase2" name="loginCorrectTest" time="28.443"/>
  <testcase classname="org.testcases.TestCase3" name="loginWrongTest" time="8.566"/>
  <testcase classname="org.testcases.TestCase4" name="removeItemsTestCase" time="21.422"/>
  <testcase classname="org.testcases.TestCase5" name="searchProductCase" time="81.604"/>
  <testcase classname="org.testcases.TestCase6" name="writeReviewTestCase" time="14.396"/>
</testsuite> <!-- Chrome Test -->
