<?xml version="1.0" encoding="UTF-8"?>
<!-- Generated by org.testng.reporters.JUnitXMLReporter -->
<testsuite ignored="0" hostname="DESKTOP-LVD2BN5" failures="0" tests="6" name="Chrome Test" time="293.315" errors="0" timestamp="20 Jun 2023 08:49:19 GMT">
  <testcase classname="org.testcases.TestCase1" name="RegisterUserCase" time="34.186"/>
  <testcase classname="org.testcases.TestCase2" name="loginCorrectTest" time="27.212"/>
  <testcase classname="org.testcases.TestCase3" name="loginWrongTest" time="10.346"/>
  <testcase classname="org.testcases.TestCase4" name="removeItemsTestCase" time="21.599"/>
  <testcase classname="org.testcases.TestCase5" name="searchProductCase" time="65.004"/>
  <testcase classname="org.testcases.TestCase6" name="writeReviewTestCase" time="16.227"/>
</testsuite> <!-- Chrome Test -->
