<?xml version="1.0" encoding="UTF-8"?>
<!-- Generated by org.testng.reporters.JUnitXMLReporter -->
<testsuite ignored="0" hostname="DESKTOP-LVD2BN5" failures="0" tests="6" name="Microsoft Edge Test" time="296.311" errors="0" timestamp="21 Jun 2023 21:06:48 GMT">
  <testcase classname="org.testcases.TestCase1" name="RegisterUserCase" time="42.953"/>
  <testcase classname="org.testcases.TestCase2" name="loginCorrectTest" time="25.003"/>
  <testcase classname="org.testcases.TestCase3" name="loginWrongTest" time="6.803"/>
  <testcase classname="org.testcases.TestCase4" name="removeItemsTestCase" time="21.721"/>
  <testcase classname="org.testcases.TestCase5" name="searchProductCase" time="87.931"/>
  <testcase classname="org.testcases.TestCase6" name="writeReviewTestCase" time="10.735"/>
</testsuite> <!-- Microsoft Edge Test -->
