<?xml version="1.0" encoding="UTF-8"?>
<!-- Generated by org.testng.reporters.JUnitXMLReporter -->
<testsuite ignored="0" hostname="DESKTOP-LVD2BN5" failures="0" tests="6" name="Microsoft Edge Test" time="284.621" errors="0" timestamp="20 Jun 2023 08:49:10 GMT">
  <testcase classname="org.testcases.TestCase1" name="RegisterUserCase" time="37.025"/>
  <testcase classname="org.testcases.TestCase2" name="loginCorrectTest" time="24.442"/>
  <testcase classname="org.testcases.TestCase3" name="loginWrongTest" time="6.871"/>
  <testcase classname="org.testcases.TestCase4" name="removeItemsTestCase" time="21.335"/>
  <testcase classname="org.testcases.TestCase5" name="searchProductCase" time="65.536"/>
  <testcase classname="org.testcases.TestCase6" name="writeReviewTestCase" time="7.811"/>
</testsuite> <!-- Microsoft Edge Test -->
