<?xml version="1.0" encoding="UTF-8"?>
<!-- Generated by org.testng.reporters.JUnitXMLReporter -->
<testsuite ignored="0" hostname="DESKTOP-LVD2BN5" failures="0" tests="6" name="Chrome Test" time="298.348" errors="0" timestamp="21 Jun 2023 21:12:11 GMT">
  <testcase classname="org.testcases.TestCase1" name="RegisterUserCase" time="34.807"/>
  <testcase classname="org.testcases.TestCase2" name="loginCorrectTest" time="26.586"/>
  <testcase classname="org.testcases.TestCase3" name="loginWrongTest" time="7.777"/>
  <testcase classname="org.testcases.TestCase4" name="removeItemsTestCase" time="21.736"/>
  <testcase classname="org.testcases.TestCase5" name="searchProductCase" time="88.337"/>
  <testcase classname="org.testcases.TestCase6" name="writeReviewTestCase" time="19.984"/>
</testsuite> <!-- Chrome Test -->
