<?xml version="1.0" encoding="UTF-8"?>
<!-- Generated by org.testng.reporters.JUnitXMLReporter -->
<testsuite ignored="0" hostname="DESKTOP-LVD2BN5" failures="0" tests="6" name="Microsoft Edge Test" time="316.969" errors="0" timestamp="21 Jun 2023 21:12:29 GMT">
  <testcase classname="org.testcases.TestCase1" name="RegisterUserCase" time="36.909"/>
  <testcase classname="org.testcases.TestCase2" name="loginCorrectTest" time="30.319"/>
  <testcase classname="org.testcases.TestCase3" name="loginWrongTest" time="8.906"/>
  <testcase classname="org.testcases.TestCase4" name="removeItemsTestCase" time="21.912"/>
  <testcase classname="org.testcases.TestCase5" name="searchProductCase" time="89.039"/>
  <testcase classname="org.testcases.TestCase6" name="writeReviewTestCase" time="9.385"/>
</testsuite> <!-- Microsoft Edge Test -->
