<?xml version="1.0" encoding="UTF-8"?>
<!-- Generated by org.testng.reporters.JUnitXMLReporter -->
<testsuite ignored="0" hostname="DESKTOP-LVD2BN5" failures="1" tests="1" name="Microsoft Edge Test" time="13.936" errors="0" timestamp="25 Jun 2023 05:50:04 GMT">
  <testcase classname="org.testcases.TestCase4" name="removeItemsTestCase" time="4.201">
    <failure type="java.lang.NullPointerException">
      <![CDATA[java.lang.NullPointerException
at org.page.objects.HomePage.addItemsToCart(HomePage.java:33)
at org.testcases.TestCase4.removeItemsTestCase(TestCase4.java:43)
at java.base/java.util.concurrent.FutureTask.run(FutureTask.java:264)
at java.base/java.util.concurrent.ThreadPoolExecutor.runWorker(ThreadPoolExecutor.java:1128)
at java.base/java.util.concurrent.ThreadPoolExecutor$Worker.run(ThreadPoolExecutor.java:628)
at java.base/java.lang.Thread.run(Thread.java:834)
... Removed 16 stack frames]]>
    </failure>
  </testcase> <!-- removeItemsTestCase -->
</testsuite> <!-- Microsoft Edge Test -->
