<?xml version="1.0" encoding="UTF-8"?>
<testng-results ignored="0" total="2" passed="0" failed="2" skipped="0">
  <reporter-output>
  </reporter-output>
  <suite started-at="2023-06-25T05:49:50Z" name="Suite" finished-at="2023-06-25T05:50:09Z" duration-ms="18999">
    <groups>
    </groups>
    <test started-at="2023-06-25T05:49:50Z" name="Microsoft Edge Test" finished-at="2023-06-25T05:50:04Z" duration-ms="13936">
      <class name="org.testcases.TestCase4">
        <test-method is-config="true" signature="initializeWebsite(java.lang.String)[pri:0, instance:org.testcases.TestCase4@1f75a668]" started-at="2023-06-25T05:49:50Z" name="initializeWebsite" finished-at="2023-06-25T05:50:00Z" duration-ms="9714" status="PASS">
          <params>
            <param index="0">
              <value>
                <![CDATA[6666]]>
              </value>
            </param>
          </params>
          <reporter-output>
          </reporter-output>
        </test-method> <!-- initializeWebsite -->
        <test-method signature="removeItemsTestCase()[pri:0, instance:org.testcases.TestCase4@1f75a668]" started-at="2023-06-25T05:50:00Z" name="removeItemsTestCase" finished-at="2023-06-25T05:50:04Z" duration-ms="4201" status="FAIL">
          <exception class="java.lang.NullPointerException">
            <full-stacktrace>
              <![CDATA[java.lang.NullPointerException
at org.page.objects.HomePage.addItemsToCart(HomePage.java:33)
at org.testcases.TestCase4.removeItemsTestCase(TestCase4.java:43)
at java.base/jdk.internal.reflect.NativeMethodAccessorImpl.invoke0(Native Method)
at java.base/jdk.internal.reflect.NativeMethodAccessorImpl.invoke(NativeMethodAccessorImpl.java:62)
at java.base/jdk.internal.reflect.DelegatingMethodAccessorImpl.invoke(DelegatingMethodAccessorImpl.java:43)
at java.base/java.lang.reflect.Method.invoke(Method.java:566)
at org.testng.internal.MethodInvocationHelper.invokeMethod(MethodInvocationHelper.java:124)
at org.testng.internal.Invoker.invokeMethod(Invoker.java:583)
at org.testng.internal.Invoker.invokeTestMethod(Invoker.java:719)
at org.testng.internal.Invoker.invokeTestMethods(Invoker.java:989)
at org.testng.internal.TestMethodWorker.invokeTestMethods(TestMethodWorker.java:125)
at org.testng.internal.TestMethodWorker.run(TestMethodWorker.java:109)
at org.testng.TestRunner.privateRun(TestRunner.java:648)
at org.testng.TestRunner.run(TestRunner.java:505)
at org.testng.SuiteRunner.runTest(SuiteRunner.java:455)
at org.testng.SuiteRunner.access$000(SuiteRunner.java:40)
at org.testng.SuiteRunner$SuiteWorker.run(SuiteRunner.java:489)
at org.testng.internal.thread.ThreadUtil$1.call(ThreadUtil.java:52)
at java.base/java.util.concurrent.FutureTask.run(FutureTask.java:264)
at java.base/java.util.concurrent.ThreadPoolExecutor.runWorker(ThreadPoolExecutor.java:1128)
at java.base/java.util.concurrent.ThreadPoolExecutor$Worker.run(ThreadPoolExecutor.java:628)
at java.base/java.lang.Thread.run(Thread.java:834)
]]>
            </full-stacktrace>
          </exception> <!-- java.lang.NullPointerException -->
          <reporter-output>
          </reporter-output>
        </test-method> <!-- removeItemsTestCase -->
      </class> <!-- org.testcases.TestCase4 -->
    </test> <!-- Microsoft Edge Test -->
    <test started-at="2023-06-25T05:49:50Z" name="Chrome Test" finished-at="2023-06-25T05:50:09Z" duration-ms="18999">
      <class name="org.testcases.TestCase4">
        <test-method is-config="true" signature="initializeWebsite(java.lang.String)[pri:0, instance:org.testcases.TestCase4@1b8a29df]" started-at="2023-06-25T05:49:50Z" name="initializeWebsite" finished-at="2023-06-25T05:50:05Z" duration-ms="14817" status="PASS">
          <params>
            <param index="0">
              <value>
                <![CDATA[5555]]>
              </value>
            </param>
          </params>
          <reporter-output>
          </reporter-output>
        </test-method> <!-- initializeWebsite -->
        <test-method signature="removeItemsTestCase()[pri:0, instance:org.testcases.TestCase4@1b8a29df]" started-at="2023-06-25T05:50:05Z" name="removeItemsTestCase" finished-at="2023-06-25T05:50:09Z" duration-ms="4172" status="FAIL">
          <exception class="java.lang.NullPointerException">
            <full-stacktrace>
              <![CDATA[java.lang.NullPointerException
at org.page.objects.HomePage.addItemsToCart(HomePage.java:33)
at org.testcases.TestCase4.removeItemsTestCase(TestCase4.java:43)
at java.base/jdk.internal.reflect.NativeMethodAccessorImpl.invoke0(Native Method)
at java.base/jdk.internal.reflect.NativeMethodAccessorImpl.invoke(NativeMethodAccessorImpl.java:62)
at java.base/jdk.internal.reflect.DelegatingMethodAccessorImpl.invoke(DelegatingMethodAccessorImpl.java:43)
at java.base/java.lang.reflect.Method.invoke(Method.java:566)
at org.testng.internal.MethodInvocationHelper.invokeMethod(MethodInvocationHelper.java:124)
at org.testng.internal.Invoker.invokeMethod(Invoker.java:583)
at org.testng.internal.Invoker.invokeTestMethod(Invoker.java:719)
at org.testng.internal.Invoker.invokeTestMethods(Invoker.java:989)
at org.testng.internal.TestMethodWorker.invokeTestMethods(TestMethodWorker.java:125)
at org.testng.internal.TestMethodWorker.run(TestMethodWorker.java:109)
at org.testng.TestRunner.privateRun(TestRunner.java:648)
at org.testng.TestRunner.run(TestRunner.java:505)
at org.testng.SuiteRunner.runTest(SuiteRunner.java:455)
at org.testng.SuiteRunner.access$000(SuiteRunner.java:40)
at org.testng.SuiteRunner$SuiteWorker.run(SuiteRunner.java:489)
at org.testng.internal.thread.ThreadUtil$1.call(ThreadUtil.java:52)
at java.base/java.util.concurrent.FutureTask.run(FutureTask.java:264)
at java.base/java.util.concurrent.ThreadPoolExecutor.runWorker(ThreadPoolExecutor.java:1128)
at java.base/java.util.concurrent.ThreadPoolExecutor$Worker.run(ThreadPoolExecutor.java:628)
at java.base/java.lang.Thread.run(Thread.java:834)
]]>
            </full-stacktrace>
          </exception> <!-- java.lang.NullPointerException -->
          <reporter-output>
          </reporter-output>
        </test-method> <!-- removeItemsTestCase -->
      </class> <!-- org.testcases.TestCase4 -->
    </test> <!-- Chrome Test -->
  </suite> <!-- Suite -->
</testng-results>
