<?xml version="1.0" encoding="UTF-8"?>
<testsuite xmlns:xsi="http://www.w3.org/2001/XMLSchema-instance" xsi:noNamespaceSchemaLocation="https://maven.apache.org/surefire/maven-surefire-plugin/xsd/surefire-test-report-3.0.xsd" version="3.0" name="TestSuite" time="317.726" tests="12" errors="0" skipped="0" failures="0">
  <properties>
[...]
</properties>
  <testcase name="RegisterUserCase" classname="org.testcases.TestCase1" time="32.7"/>
  <testcase name="RegisterUserCase" classname="org.testcases.TestCase1" time="36.909"/>
  <testcase name="loginCorrectTest" classname="org.testcases.TestCase2" time="12.698"/>
  <testcase name="loginCorrectTest" classname="org.testcases.TestCase2" time="11.72"/>
  <testcase name="loginWrongTest" classname="org.testcases.TestCase3" time="7.776"/>
  <testcase name="loginWrongTest" classname="org.testcases.TestCase3" time="8.906"/>
  <testcase name="removeItemsTestCase" classname="org.testcases.TestCase4" time="3.452"/>
  <testcase name="removeItemsTestCase" classname="org.testcases.TestCase4" time="21.911"/>
  <testcase name="searchProductCase" classname="org.testcases.TestCase5" time="65.221"/>
  <testcase name="searchProductCase" classname="org.testcases.TestCase5" time="14.934"/>
  <testcase name="writeReviewTestCase" classname="org.testcases.TestCase6" time="19.983"/>
  <testcase name="writeReviewTestCase" classname="org.testcases.TestCase6" time="9.385"/>
</testsuite>