<?xml version="1.0" encoding="UTF-8"?>
<testng-results ignored="0" total="2" passed="2" failed="0" skipped="0">
  <reporter-output>
  </reporter-output>
  <suite started-at="2023-06-25T15:24:16Z" name="Suite" finished-at="2023-06-25T15:24:46Z" duration-ms="30152">
    <groups>
    </groups>
    <test started-at="2023-06-25T15:24:16Z" name="Chrome Test" finished-at="2023-06-25T15:24:37Z" duration-ms="20753">
      <class name="org.testcases.TestCase4">
        <test-method is-config="true" signature="initializeWebsite(java.lang.String)[pri:0, instance:org.testcases.TestCase4@39d9314d]" started-at="2023-06-25T15:24:16Z" name="initializeWebsite" finished-at="2023-06-25T15:24:23Z" duration-ms="7289" status="PASS">
          <params>
            <param index="0">
              <value>
                <![CDATA[5555]]>
              </value>
            </param>
          </params>
          <reporter-output>
          </reporter-output>
        </test-method> <!-- initializeWebsite -->
        <test-method signature="removeItemsTestCase()[pri:0, instance:org.testcases.TestCase4@39d9314d]" started-at="2023-06-25T15:24:23Z" name="removeItemsTestCase" finished-at="2023-06-25T15:24:37Z" duration-ms="13445" status="PASS">
          <reporter-output>
          </reporter-output>
        </test-method> <!-- removeItemsTestCase -->
      </class> <!-- org.testcases.TestCase4 -->
    </test> <!-- Chrome Test -->
    <test started-at="2023-06-25T15:24:16Z" name="Microsoft Edge Test" finished-at="2023-06-25T15:24:46Z" duration-ms="30152">
      <class name="org.testcases.TestCase4">
        <test-method is-config="true" signature="initializeWebsite(java.lang.String)[pri:0, instance:org.testcases.TestCase4@3e74829]" started-at="2023-06-25T15:24:16Z" name="initializeWebsite" finished-at="2023-06-25T15:24:26Z" duration-ms="10043" status="PASS">
          <params>
            <param index="0">
              <value>
                <![CDATA[6666]]>
              </value>
            </param>
          </params>
          <reporter-output>
          </reporter-output>
        </test-method> <!-- initializeWebsite -->
        <test-method signature="removeItemsTestCase()[pri:0, instance:org.testcases.TestCase4@3e74829]" started-at="2023-06-25T15:24:26Z" name="removeItemsTestCase" finished-at="2023-06-25T15:24:46Z" duration-ms="20097" status="PASS">
          <reporter-output>
          </reporter-output>
        </test-method> <!-- removeItemsTestCase -->
      </class> <!-- org.testcases.TestCase4 -->
    </test> <!-- Microsoft Edge Test -->
  </suite> <!-- Suite -->
</testng-results>
